<?xml version="1.0" encoding="UTF-8"?>
<coverage generated="1729936570910" clover="3.2.0">
  <project timestamp="1729936570910" name="All files">
    <metrics statements="30" coveredstatements="26" conditionals="11" coveredconditionals="7" methods="8" coveredmethods="7" elements="49" coveredelements="40" complexity="0" loc="30" ncloc="30" packages="3" files="3" classes="3"/>
    <package name="src">
      <metrics statements="19" coveredstatements="15" conditionals="6" coveredconditionals="2" methods="3" coveredmethods="2"/>
      <file name="server.js" path="/Users/bhuvanshree/backend_testing_framework/src/server.js">
        <metrics statements="19" coveredstatements="15" conditionals="6" coveredconditionals="2" methods="3" coveredmethods="2"/>
        <line num="1" count="3" type="stmt"/>
        <line num="2" count="3" type="stmt"/>
        <line num="4" count="3" type="stmt"/>
        <line num="5" count="3" type="stmt"/>
        <line num="7" count="3" type="stmt"/>
        <line num="8" count="3" type="stmt"/>
        <line num="9" count="3" type="stmt"/>
        <line num="10" count="2" type="stmt"/>
        <line num="12" count="1" type="stmt"/>
        <line num="16" count="3" type="stmt"/>
        <line num="17" count="2" type="stmt"/>
        <line num="18" count="2" type="cond" truecount="1" falsecount="1"/>
        <line num="19" count="2" type="stmt"/>
        <line num="21" count="0" type="stmt"/>
        <line num="26" count="3" type="stmt"/>
        <line num="29" count="3" type="cond" truecount="1" falsecount="1"/>
        <line num="30" count="0" type="cond" truecount="0" falsecount="2"/>
        <line num="31" count="0" type="stmt"/>
        <line num="32" count="0" type="stmt"/>
      </file>
    </package>
    <package name="src.api">
      <metrics statements="7" coveredstatements="7" conditionals="5" coveredconditionals="5" methods="3" coveredmethods="3"/>
      <file name="users.js" path="/Users/bhuvanshree/backend_testing_framework/src/api/users.js">
        <metrics statements="7" coveredstatements="7" conditionals="5" coveredconditionals="5" methods="3" coveredmethods="3"/>
        <line num="2" count="4" type="stmt"/>
        <line num="5" count="5" type="stmt"/>
        <line num="6" count="5" type="cond" truecount="5" falsecount="0"/>
        <line num="7" count="2" type="stmt"/>
        <line num="9" count="3" type="stmt"/>
        <line num="13" count="3" type="stmt"/>
        <line num="16" count="4" type="stmt"/>
      </file>
    </package>
    <package name="src.db">
      <metrics statements="4" coveredstatements="4" conditionals="0" coveredconditionals="0" methods="2" coveredmethods="2"/>
      <file name="database.js" path="/Users/bhuvanshree/backend_testing_framework/src/db/database.js">
        <metrics statements="4" coveredstatements="4" conditionals="0" coveredconditionals="0" methods="2" coveredmethods="2"/>
        <line num="2" count="1" type="stmt"/>
        <line num="5" count="1" type="stmt"/>
        <line num="9" count="1" type="stmt"/>
        <line num="12" count="1" type="stmt"/>
      </file>
    </package>
  </project>
</coverage>
