{"/Users/bhuvanshree/backend_testing_framework/src/server.js": {"path":"/Users/bhuvanshree/backend_testing_framework/src/server.js","statementMap":{"0":{"start":{"line":1,"column":16},"end":{"line":1,"column":34}},"1":{"start":{"line":2,"column":29},"end":{"line":2,"column":51}},"2":{"start":{"line":4,"column":12},"end":{"line":4,"column":21}},"3":{"start":{"line":5,"column":0},"end":{"line":5,"column":24}},"4":{"start":{"line":7,"column":0},"end":{"line":14,"column":3}},"5":{"start":{"line":8,"column":4},"end":{"line":13,"column":5}},"6":{"start":{"line":9,"column":8},"end":{"line":9,"column":26}},"7":{"start":{"line":10,"column":8},"end":{"line":10,"column":43}},"8":{"start":{"line":12,"column":8},"end":{"line":12,"column":44}},"9":{"start":{"line":16,"column":0},"end":{"line":23,"column":3}},"10":{"start":{"line":17,"column":17},"end":{"line":17,"column":41}},"11":{"start":{"line":18,"column":4},"end":{"line":22,"column":5}},"12":{"start":{"line":19,"column":8},"end":{"line":19,"column":23}},"13":{"start":{"line":21,"column":8},"end":{"line":21,"column":47}},"14":{"start":{"line":26,"column":0},"end":{"line":26,"column":21}},"15":{"start":{"line":29,"column":0},"end":{"line":34,"column":1}},"16":{"start":{"line":30,"column":17},"end":{"line":30,"column":41}},"17":{"start":{"line":31,"column":4},"end":{"line":33,"column":7}},"18":{"start":{"line":32,"column":8},"end":{"line":32,"column":57}}},"fnMap":{"0":{"name":"(anonymous_0)","decl":{"start":{"line":7,"column":19},"end":{"line":7,"column":20}},"loc":{"start":{"line":7,"column":33},"end":{"line":14,"column":1}},"line":7},"1":{"name":"(anonymous_1)","decl":{"start":{"line":16,"column":24},"end":{"line":16,"column":25}},"loc":{"start":{"line":16,"column":38},"end":{"line":23,"column":1}},"line":16},"2":{"name":"(anonymous_2)","decl":{"start":{"line":31,"column":21},"end":{"line":31,"column":22}},"loc":{"start":{"line":31,"column":27},"end":{"line":33,"column":5}},"line":31}},"branchMap":{"0":{"loc":{"start":{"line":18,"column":4},"end":{"line":22,"column":5}},"type":"if","locations":[{"start":{"line":18,"column":4},"end":{"line":22,"column":5}},{"start":{"line":20,"column":11},"end":{"line":22,"column":5}}],"line":18},"1":{"loc":{"start":{"line":29,"column":0},"end":{"line":34,"column":1}},"type":"if","locations":[{"start":{"line":29,"column":0},"end":{"line":34,"column":1}},{"start":{},"end":{}}],"line":29},"2":{"loc":{"start":{"line":30,"column":17},"end":{"line":30,"column":41}},"type":"binary-expr","locations":[{"start":{"line":30,"column":17},"end":{"line":30,"column":33}},{"start":{"line":30,"column":37},"end":{"line":30,"column":41}}],"line":30}},"s":{"0":3,"1":3,"2":3,"3":3,"4":3,"5":3,"6":3,"7":2,"8":1,"9":3,"10":2,"11":2,"12":2,"13":0,"14":3,"15":3,"16":0,"17":0,"18":0},"f":{"0":3,"1":2,"2":0},"b":{"0":[2,0],"1":[0,3],"2":[0,0]},"_coverageSchema":"1a1c01bbd47fc00a2c39e90264f33305004495a9","hash":"09fc2cabfae1501a2d2adb3ff8ba5c1c2ce5bd5b"}
,"/Users/bhuvanshree/backend_testing_framework/src/api/users.js": {"path":"/Users/bhuvanshree/backend_testing_framework/src/api/users.js","statementMap":{"0":{"start":{"line":2,"column":14},"end":{"line":2,"column":16}},"1":{"start":{"line":5,"column":31},"end":{"line":5,"column":44}},"2":{"start":{"line":6,"column":4},"end":{"line":8,"column":5}},"3":{"start":{"line":7,"column":8},"end":{"line":7,"column":45}},"4":{"start":{"line":9,"column":4},"end":{"line":9,"column":21}},"5":{"start":{"line":13,"column":4},"end":{"line":13,"column":50}},"6":{"start":{"line":13,"column":30},"end":{"line":13,"column":48}},"7":{"start":{"line":16,"column":0},"end":{"line":16,"column":38}}},"fnMap":{"0":{"name":"addUser","decl":{"start":{"line":4,"column":9},"end":{"line":4,"column":16}},"loc":{"start":{"line":4,"column":23},"end":{"line":10,"column":1}},"line":4},"1":{"name":"getUser","decl":{"start":{"line":12,"column":9},"end":{"line":12,"column":16}},"loc":{"start":{"line":12,"column":23},"end":{"line":14,"column":1}},"line":12},"2":{"name":"(anonymous_2)","decl":{"start":{"line":13,"column":22},"end":{"line":13,"column":23}},"loc":{"start":{"line":13,"column":30},"end":{"line":13,"column":48}},"line":13}},"branchMap":{"0":{"loc":{"start":{"line":6,"column":4},"end":{"line":8,"column":5}},"type":"if","locations":[{"start":{"line":6,"column":4},"end":{"line":8,"column":5}},{"start":{},"end":{}}],"line":6},"1":{"loc":{"start":{"line":6,"column":8},"end":{"line":6,"column":72}},"type":"binary-expr","locations":[{"start":{"line":6,"column":8},"end":{"line":6,"column":18}},{"start":{"line":6,"column":22},"end":{"line":6,"column":34}},{"start":{"line":6,"column":38},"end":{"line":6,"column":72}}],"line":6}},"s":{"0":4,"1":5,"2":5,"3":2,"4":3,"5":3,"6":3,"7":4},"f":{"0":5,"1":3,"2":3},"b":{"0":[2,3],"1":[5,4,4]},"_coverageSchema":"1a1c01bbd47fc00a2c39e90264f33305004495a9","hash":"b3d67e1af7ad1b9050527899fa84aa9a2d692ff9"}
,"/Users/bhuvanshree/backend_testing_framework/src/db/database.js": {"path":"/Users/bhuvanshree/backend_testing_framework/src/db/database.js","statementMap":{"0":{"start":{"line":51,"column":14},"end":{"line":51,"column":39}},"1":{"start":{"line":55,"column":4},"end":{"line":60,"column":7}},"2":{"start":{"line":65,"column":23},"end":{"line":65,"column":47}},"3":{"start":{"line":66,"column":4},"end":{"line":71,"column":5}},"4":{"start":{"line":67,"column":20},"end":{"line":67,"column":67}},"5":{"start":{"line":68,"column":8},"end":{"line":68,"column":52}},"6":{"start":{"line":70,"column":8},"end":{"line":70,"column":31}},"7":{"start":{"line":76,"column":23},"end":{"line":76,"column":47}},"8":{"start":{"line":77,"column":4},"end":{"line":83,"column":5}},"9":{"start":{"line":78,"column":20},"end":{"line":78,"column":60}},"10":{"start":{"line":79,"column":26},"end":{"line":79,"column":62}},"11":{"start":{"line":80,"column":8},"end":{"line":80,"column":60}},"12":{"start":{"line":82,"column":8},"end":{"line":82,"column":31}},"13":{"start":{"line":86,"column":0},"end":{"line":86,"column":39}}},"fnMap":{"0":{"name":"createConnection","decl":{"start":{"line":54,"column":15},"end":{"line":54,"column":31}},"loc":{"start":{"line":54,"column":34},"end":{"line":61,"column":1}},"line":54},"1":{"name":"saveData","decl":{"start":{"line":64,"column":15},"end":{"line":64,"column":23}},"loc":{"start":{"line":64,"column":36},"end":{"line":72,"column":1}},"line":64},"2":{"name":"getData","decl":{"start":{"line":75,"column":15},"end":{"line":75,"column":22}},"loc":{"start":{"line":75,"column":28},"end":{"line":84,"column":1}},"line":75}},"branchMap":{"0":{"loc":{"start":{"line":80,"column":15},"end":{"line":80,"column":59}},"type":"cond-expr","locations":[{"start":{"line":80,"column":36},"end":{"line":80,"column":52}},{"start":{"line":80,"column":55},"end":{"line":80,"column":59}}],"line":80}},"s":{"0":1,"1":2,"2":1,"3":1,"4":1,"5":1,"6":1,"7":1,"8":1,"9":1,"10":1,"11":1,"12":1,"13":1},"f":{"0":2,"1":1,"2":1},"b":{"0":[1,0]},"_coverageSchema":"1a1c01bbd47fc00a2c39e90264f33305004495a9","hash":"7143a04b172dd3b4884cb07408ae20b833ce8897"}
}
