TN:
SF:src/server.js
FN:7,(anonymous_0)
FN:16,(anonymous_1)
FN:31,(anonymous_2)
FNF:3
FNH:2
FNDA:3,(anonymous_0)
FNDA:2,(anonymous_1)
FNDA:0,(anonymous_2)
DA:1,3
DA:2,3
DA:4,3
DA:5,3
DA:7,3
DA:8,3
DA:9,3
DA:10,2
DA:12,1
DA:16,3
DA:17,2
DA:18,2
DA:19,2
DA:21,0
DA:26,3
DA:29,3
DA:30,0
DA:31,0
DA:32,0
LF:19
LH:15
BRDA:18,0,0,2
BRDA:18,0,1,0
BRDA:29,1,0,0
BRDA:29,1,1,3
BRDA:30,2,0,0
BRDA:30,2,1,0
BRF:6
BRH:2
end_of_record
TN:
SF:src/api/users.js
FN:4,addUser
FN:12,getUser
FN:13,(anonymous_2)
FNF:3
FNH:3
FNDA:5,addUser
FNDA:3,getUser
FNDA:3,(anonymous_2)
DA:2,4
DA:5,5
DA:6,5
DA:7,2
DA:9,3
DA:13,3
DA:16,4
LF:7
LH:7
BRDA:6,0,0,2
BRDA:6,0,1,3
BRDA:6,1,0,5
BRDA:6,1,1,4
BRDA:6,1,2,4
BRF:5
BRH:5
end_of_record
TN:
SF:src/db/database.js
FN:54,createConnection
FN:64,saveData
FN:75,getData
FNF:3
FNH:3
FNDA:2,createConnection
FNDA:1,saveData
FNDA:1,getData
DA:51,1
DA:55,2
DA:65,1
DA:66,1
DA:67,1
DA:68,1
DA:70,1
DA:76,1
DA:77,1
DA:78,1
DA:79,1
DA:80,1
DA:82,1
DA:86,1
LF:14
LH:14
BRDA:80,0,0,1
BRDA:80,0,1,0
BRF:2
BRH:1
end_of_record
